{
"/home/jleppert/devel/nodequad/lib/drivers/serial.js":{"path":"/home/jleppert/devel/nodequad/lib/drivers/serial.js","s":{"1":3,"2":3,"3":3,"4":3,"5":0,"6":3,"7":3,"8":8,"9":8,"10":8,"11":8,"12":6,"13":6,"14":6,"15":6,"16":6,"17":6,"18":0,"19":8,"20":8,"21":0,"22":8,"23":8,"24":0,"25":0,"26":0,"27":0,"28":8,"29":0,"30":8,"31":0,"32":0,"33":0,"34":0,"35":0,"36":0,"37":0,"38":0,"39":0,"40":0,"41":3,"42":3,"43":3,"44":3,"45":3,"46":21,"47":21,"48":3,"49":6,"50":6,"51":6,"52":0,"53":0,"54":6,"55":6,"56":6,"57":6,"58":4,"59":4,"60":4,"61":2,"62":2,"63":2,"64":3,"65":0,"66":0,"67":0,"68":0,"69":3,"70":0,"71":0,"72":0,"73":0,"74":0,"75":0,"76":0,"77":0,"78":0,"79":0,"80":0,"81":0,"82":3,"83":0,"84":0,"85":0,"86":0,"87":0,"88":0,"89":0,"90":0,"91":0,"92":0,"93":0,"94":0,"95":0,"96":0,"97":0,"98":0,"99":0,"100":0,"101":0,"102":0,"103":0,"104":0,"105":0,"106":0,"107":0,"108":0,"109":0,"110":3,"111":0,"112":0,"113":0,"114":0,"115":0,"116":0,"117":0,"118":0,"119":0,"120":0,"121":0,"122":0,"123":0,"124":0,"125":0,"126":0,"127":0,"128":0,"129":0,"130":0,"131":0,"132":0,"133":0,"134":0,"135":0,"136":0,"137":0,"138":0,"139":0,"140":0,"141":0,"142":0,"143":0,"144":0,"145":0,"146":3,"147":2,"148":3,"149":0,"150":1,"151":6,"152":6,"153":6,"154":4,"155":6,"156":6,"157":6,"158":2,"159":1,"160":0,"161":0,"162":0,"163":0,"164":0,"165":0},"b":{"1":[6,2],"2":[6,0],"3":[6,0],"4":[1,5],"5":[5,0],"6":[0,6],"7":[4,2],"8":[0,0],"9":[0,0],"10":[0,0],"11":[0,0],"12":[0,0],"13":[0,0],"14":[0,0],"15":[0,0],"16":[0,0],"17":[0,0],"18":[0,0],"19":[0,0],"20":[0,0],"21":[0,0],"22":[0,0],"23":[0,0],"24":[0,0],"25":[0,0],"26":[0,0],"27":[0,0],"28":[0,0],"29":[0,0],"30":[2,4],"31":[0,0]},"f":{"1":0,"2":8,"3":6,"4":6,"5":0,"6":0,"7":0,"8":0,"9":0,"10":0,"11":21,"12":6,"13":6,"14":0,"15":0,"16":0,"17":0,"18":0,"19":0,"20":0,"21":0,"22":0,"23":0,"24":0,"25":0,"26":0,"27":0,"28":0,"29":0,"30":0,"31":0,"32":0,"33":2,"34":0,"35":6,"36":4,"37":0,"38":6,"39":0,"40":0,"41":0,"42":0},"fnMap":{"1":{"name":"calcLineTimeout","line":22,"loc":{"start":{"line":22,"column":18},"end":{"line":22,"column":46}}},"2":{"name":"SerialDriver","line":52,"loc":{"start":{"line":52,"column":36},"end":{"line":52,"column":63}}},"3":{"name":"checkURIByPortList","line":67,"loc":{"start":{"line":67,"column":12},"end":{"line":67,"column":55}}},"4":{"name":"(anonymous_4)","line":68,"loc":{"start":{"line":68,"column":22},"end":{"line":68,"column":37}}},"5":{"name":"backOffLogger","line":84,"loc":{"start":{"line":84,"column":28},"end":{"line":84,"column":66}}},"6":{"name":"onBackOffFail","line":89,"loc":{"start":{"line":89,"column":25},"end":{"line":89,"column":50}}},"7":{"name":"onPortPong","line":96,"loc":{"start":{"line":96,"column":17},"end":{"line":96,"column":43}}},"8":{"name":"observeQueueEvents","line":100,"loc":{"start":{"line":100,"column":27},"end":{"line":100,"column":63}}},"9":{"name":"applyBackOff","line":108,"loc":{"start":{"line":108,"column":4},"end":{"line":108,"column":32}}},"10":{"name":"onceBackoffReady","line":109,"loc":{"start":{"line":109,"column":31},"end":{"line":109,"column":59}}},"11":{"name":"(anonymous_11)","line":125,"loc":{"start":{"line":125,"column":28},"end":{"line":125,"column":42}}},"12":{"name":"connect","line":136,"loc":{"start":{"line":136,"column":33},"end":{"line":136,"column":59}}},"13":{"name":"attemptConnect","line":147,"loc":{"start":{"line":147,"column":15},"end":{"line":147,"column":52}}},"14":{"name":"disconnect","line":167,"loc":{"start":{"line":167,"column":36},"end":{"line":167,"column":60}}},"15":{"name":"list","line":177,"loc":{"start":{"line":177,"column":30},"end":{"line":177,"column":48}}},"16":{"name":"createPortList","line":180,"loc":{"start":{"line":180,"column":17},"end":{"line":180,"column":53}}},"17":{"name":"mapPort","line":183,"loc":{"start":{"line":183,"column":16},"end":{"line":183,"column":39}}},"18":{"name":"probe","line":206,"loc":{"start":{"line":206,"column":31},"end":{"line":206,"column":77}}},"19":{"name":"connectOnPong","line":210,"loc":{"start":{"line":210,"column":20},"end":{"line":210,"column":49}}},"20":{"name":"autoConnectErrorCb","line":211,"loc":{"start":{"line":211,"column":26},"end":{"line":211,"column":59}}},"21":{"name":"probePortList","line":218,"loc":{"start":{"line":218,"column":11},"end":{"line":218,"column":46}}},"22":{"name":"probePort","line":219,"loc":{"start":{"line":219,"column":16},"end":{"line":219,"column":41}}},"23":{"name":"portProbeErrorCb","line":222,"loc":{"start":{"line":222,"column":22},"end":{"line":222,"column":61}}},"24":{"name":"portConnectClosure","line":224,"loc":{"start":{"line":224,"column":6},"end":{"line":224,"column":40}}},"25":{"name":"(anonymous_25)","line":225,"loc":{"start":{"line":225,"column":26},"end":{"line":225,"column":41}}},"26":{"name":"(anonymous_26)","line":232,"loc":{"start":{"line":232,"column":7},"end":{"line":232,"column":22}}},"27":{"name":"portProbeTimeout","line":233,"loc":{"start":{"line":233,"column":33},"end":{"line":233,"column":61}}},"28":{"name":"(anonymous_28)","line":236,"loc":{"start":{"line":236,"column":23},"end":{"line":236,"column":43}}},"29":{"name":"send","line":259,"loc":{"start":{"line":259,"column":30},"end":{"line":259,"column":65}}},"30":{"name":"dataLineCb","line":266,"loc":{"start":{"line":266,"column":16},"end":{"line":266,"column":42}}},"31":{"name":"lineTimeout","line":277,"loc":{"start":{"line":277,"column":32},"end":{"line":277,"column":55}}},"32":{"name":"sendErrorCb","line":286,"loc":{"start":{"line":286,"column":38},"end":{"line":286,"column":64}}},"33":{"name":"getState","line":315,"loc":{"start":{"line":315,"column":34},"end":{"line":315,"column":54}}},"34":{"name":"getStream","line":323,"loc":{"start":{"line":323,"column":35},"end":{"line":323,"column":56}}},"35":{"name":"_connect","line":332,"loc":{"start":{"line":332,"column":0},"end":{"line":332,"column":27}}},"36":{"name":"driverOpenCb","line":342,"loc":{"start":{"line":342,"column":19},"end":{"line":342,"column":43}}},"37":{"name":"driverErrorCb","line":346,"loc":{"start":{"line":346,"column":20},"end":{"line":346,"column":45}}},"38":{"name":"driverOpenErrorCb","line":350,"loc":{"start":{"line":350,"column":13},"end":{"line":350,"column":45}}},"39":{"name":"_send","line":355,"loc":{"start":{"line":355,"column":0},"end":{"line":355,"column":33}}},"40":{"name":"driverWriteErrorCb","line":357,"loc":{"start":{"line":357,"column":20},"end":{"line":357,"column":53}}},"41":{"name":"driverDrainCb","line":359,"loc":{"start":{"line":359,"column":16},"end":{"line":359,"column":41}}},"42":{"name":"emptyDriverDrainDb","line":363,"loc":{"start":{"line":363,"column":16},"end":{"line":363,"column":46}}}},"statementMap":{"1":{"start":{"line":1,"column":0},"end":{"line":6,"column":34}},"2":{"start":{"line":12,"column":0},"end":{"line":16,"column":22}},"3":{"start":{"line":18,"column":3},"end":{"line":18,"column":23}},"4":{"start":{"line":20,"column":3},"end":{"line":30,"column":35}},"5":{"start":{"line":22,"column":48},"end":{"line":22,"column":63}},"6":{"start":{"line":37,"column":0},"end":{"line":45,"column":2}},"7":{"start":{"line":52,"column":0},"end":{"line":120,"column":2}},"8":{"start":{"line":53,"column":1},"end":{"line":53,"column":53}},"9":{"start":{"line":55,"column":1},"end":{"line":55,"column":59}},"10":{"start":{"line":57,"column":1},"end":{"line":61,"column":3}},"11":{"start":{"line":63,"column":1},"end":{"line":76,"column":2}},"12":{"start":{"line":64,"column":2},"end":{"line":64,"column":23}},"13":{"start":{"line":66,"column":2},"end":{"line":66,"column":18}},"14":{"start":{"line":67,"column":2},"end":{"line":75,"column":5}},"15":{"start":{"line":68,"column":3},"end":{"line":74,"column":4}},"16":{"start":{"line":69,"column":4},"end":{"line":69,"column":53}},"17":{"start":{"line":71,"column":4},"end":{"line":71,"column":56}},"18":{"start":{"line":73,"column":4},"end":{"line":73,"column":29}},"19":{"start":{"line":78,"column":1},"end":{"line":82,"column":4}},"20":{"start":{"line":84,"column":1},"end":{"line":86,"column":4}},"21":{"start":{"line":85,"column":5},"end":{"line":85,"column":41}},"22":{"start":{"line":87,"column":1},"end":{"line":87,"column":41}},"23":{"start":{"line":89,"column":1},"end":{"line":94,"column":4}},"24":{"start":{"line":90,"column":2},"end":{"line":90,"column":23}},"25":{"start":{"line":91,"column":5},"end":{"line":91,"column":52}},"26":{"start":{"line":92,"column":5},"end":{"line":92,"column":40}},"27":{"start":{"line":93,"column":5},"end":{"line":93,"column":39}},"28":{"start":{"line":96,"column":1},"end":{"line":98,"column":4}},"29":{"start":{"line":97,"column":2},"end":{"line":97,"column":29}},"30":{"start":{"line":100,"column":1},"end":{"line":115,"column":4}},"31":{"start":{"line":101,"column":2},"end":{"line":103,"column":15}},"32":{"start":{"line":102,"column":3},"end":{"line":102,"column":26}},"33":{"start":{"line":104,"column":5},"end":{"line":104,"column":47}},"34":{"start":{"line":105,"column":2},"end":{"line":105,"column":31}},"35":{"start":{"line":106,"column":2},"end":{"line":106,"column":11}},"36":{"start":{"line":107,"column":2},"end":{"line":114,"column":3}},"37":{"start":{"line":108,"column":3},"end":{"line":113,"column":12}},"38":{"start":{"line":109,"column":4},"end":{"line":112,"column":7}},"39":{"start":{"line":110,"column":5},"end":{"line":110,"column":45}},"40":{"start":{"line":111,"column":5},"end":{"line":111,"column":33}},"41":{"start":{"line":121,"column":0},"end":{"line":121,"column":50}},"42":{"start":{"line":122,"column":0},"end":{"line":122,"column":45}},"43":{"start":{"line":123,"column":0},"end":{"line":123,"column":25}},"44":{"start":{"line":124,"column":0},"end":{"line":124,"column":29}},"45":{"start":{"line":125,"column":0},"end":{"line":128,"column":3}},"46":{"start":{"line":126,"column":1},"end":{"line":126,"column":43}},"47":{"start":{"line":127,"column":1},"end":{"line":127,"column":54}},"48":{"start":{"line":136,"column":0},"end":{"line":162,"column":2}},"49":{"start":{"line":137,"column":1},"end":{"line":137,"column":17}},"50":{"start":{"line":139,"column":1},"end":{"line":139,"column":90}},"51":{"start":{"line":140,"column":1},"end":{"line":143,"column":2}},"52":{"start":{"line":141,"column":2},"end":{"line":141,"column":47}},"53":{"start":{"line":142,"column":2},"end":{"line":142,"column":9}},"54":{"start":{"line":145,"column":1},"end":{"line":145,"column":46}},"55":{"start":{"line":146,"column":1},"end":{"line":146,"column":33}},"56":{"start":{"line":147,"column":1},"end":{"line":161,"column":4}},"57":{"start":{"line":148,"column":2},"end":{"line":160,"column":3}},"58":{"start":{"line":149,"column":3},"end":{"line":153,"column":5}},"59":{"start":{"line":154,"column":3},"end":{"line":154,"column":39}},"60":{"start":{"line":155,"column":3},"end":{"line":155,"column":33}},"61":{"start":{"line":157,"column":3},"end":{"line":157,"column":44}},"62":{"start":{"line":158,"column":3},"end":{"line":158,"column":42}},"63":{"start":{"line":159,"column":3},"end":{"line":159,"column":22}},"64":{"start":{"line":167,"column":0},"end":{"line":171,"column":2}},"65":{"start":{"line":168,"column":1},"end":{"line":168,"column":72}},"66":{"start":{"line":168,"column":28},"end":{"line":168,"column":72}},"67":{"start":{"line":169,"column":1},"end":{"line":169,"column":48}},"68":{"start":{"line":170,"column":1},"end":{"line":170,"column":35}},"69":{"start":{"line":177,"column":0},"end":{"line":200,"column":2}},"70":{"start":{"line":178,"column":1},"end":{"line":178,"column":17}},"71":{"start":{"line":180,"column":1},"end":{"line":199,"column":4}},"72":{"start":{"line":181,"column":4},"end":{"line":198,"column":5}},"73":{"start":{"line":182,"column":5},"end":{"line":194,"column":9}},"74":{"start":{"line":184,"column":7},"end":{"line":184,"column":22}},"75":{"start":{"line":185,"column":7},"end":{"line":185,"column":76}},"76":{"start":{"line":185,"column":35},"end":{"line":185,"column":76}},"77":{"start":{"line":186,"column":7},"end":{"line":186,"column":88}},"78":{"start":{"line":186,"column":41},"end":{"line":186,"column":88}},"79":{"start":{"line":187,"column":7},"end":{"line":193,"column":9}},"80":{"start":{"line":195,"column":5},"end":{"line":195,"column":40}},"81":{"start":{"line":197,"column":5},"end":{"line":197,"column":24}},"82":{"start":{"line":206,"column":0},"end":{"line":252,"column":2}},"83":{"start":{"line":207,"column":1},"end":{"line":207,"column":17}},"84":{"start":{"line":209,"column":1},"end":{"line":215,"column":2}},"85":{"start":{"line":210,"column":2},"end":{"line":214,"column":5}},"86":{"start":{"line":211,"column":3},"end":{"line":213,"column":6}},"87":{"start":{"line":212,"column":4},"end":{"line":212,"column":40}},"88":{"start":{"line":217,"column":1},"end":{"line":217,"column":16}},"89":{"start":{"line":218,"column":1},"end":{"line":251,"column":4}},"90":{"start":{"line":219,"column":2},"end":{"line":250,"column":5}},"91":{"start":{"line":221,"column":3},"end":{"line":221,"column":81}},"92":{"start":{"line":221,"column":74},"end":{"line":221,"column":81}},"93":{"start":{"line":222,"column":3},"end":{"line":249,"column":6}},"94":{"start":{"line":223,"column":4},"end":{"line":248,"column":5}},"95":{"start":{"line":224,"column":5},"end":{"line":244,"column":14}},"96":{"start":{"line":225,"column":6},"end":{"line":231,"column":9}},"97":{"start":{"line":226,"column":7},"end":{"line":226,"column":40}},"98":{"start":{"line":227,"column":7},"end":{"line":230,"column":8}},"99":{"start":{"line":228,"column":8},"end":{"line":228,"column":25}},"100":{"start":{"line":229,"column":8},"end":{"line":229,"column":32}},"101":{"start":{"line":232,"column":6},"end":{"line":242,"column":15}},"102":{"start":{"line":233,"column":7},"end":{"line":241,"column":34}},"103":{"start":{"line":234,"column":8},"end":{"line":234,"column":23}},"104":{"start":{"line":235,"column":8},"end":{"line":235,"column":33}},"105":{"start":{"line":236,"column":8},"end":{"line":240,"column":9}},"106":{"start":{"line":237,"column":9},"end":{"line":237,"column":63}},"107":{"start":{"line":239,"column":9},"end":{"line":239,"column":61}},"108":{"start":{"line":239,"column":28},"end":{"line":239,"column":61}},"109":{"start":{"line":243,"column":6},"end":{"line":243,"column":35}},"110":{"start":{"line":259,"column":0},"end":{"line":309,"column":2}},"111":{"start":{"line":260,"column":1},"end":{"line":260,"column":17}},"112":{"start":{"line":261,"column":1},"end":{"line":308,"column":2}},"113":{"start":{"line":262,"column":2},"end":{"line":262,"column":49}},"114":{"start":{"line":263,"column":2},"end":{"line":263,"column":42}},"115":{"start":{"line":264,"column":2},"end":{"line":285,"column":3}},"116":{"start":{"line":265,"column":3},"end":{"line":265,"column":18}},"117":{"start":{"line":266,"column":3},"end":{"line":275,"column":5}},"118":{"start":{"line":267,"column":4},"end":{"line":267,"column":21}},"119":{"start":{"line":268,"column":4},"end":{"line":274,"column":5}},"120":{"start":{"line":269,"column":5},"end":{"line":269,"column":31}},"121":{"start":{"line":270,"column":5},"end":{"line":270,"column":59}},"122":{"start":{"line":271,"column":5},"end":{"line":271,"column":45}},"123":{"start":{"line":272,"column":5},"end":{"line":272,"column":32}},"124":{"start":{"line":273,"column":5},"end":{"line":273,"column":43}},"125":{"start":{"line":276,"column":3},"end":{"line":276,"column":45}},"126":{"start":{"line":277,"column":3},"end":{"line":284,"column":31}},"127":{"start":{"line":279,"column":4},"end":{"line":279,"column":58}},"128":{"start":{"line":280,"column":4},"end":{"line":280,"column":44}},"129":{"start":{"line":281,"column":4},"end":{"line":281,"column":31}},"130":{"start":{"line":283,"column":4},"end":{"line":283,"column":80}},"131":{"start":{"line":283,"column":41},"end":{"line":283,"column":80}},"132":{"start":{"line":286,"column":2},"end":{"line":305,"column":5}},"133":{"start":{"line":287,"column":3},"end":{"line":304,"column":4}},"134":{"start":{"line":290,"column":4},"end":{"line":300,"column":5}},"135":{"start":{"line":291,"column":5},"end":{"line":291,"column":49}},"136":{"start":{"line":292,"column":5},"end":{"line":292,"column":36}},"137":{"start":{"line":293,"column":11},"end":{"line":300,"column":5}},"138":{"start":{"line":294,"column":5},"end":{"line":294,"column":45}},"139":{"start":{"line":295,"column":5},"end":{"line":295,"column":32}},"140":{"start":{"line":296,"column":5},"end":{"line":296,"column":19}},"141":{"start":{"line":298,"column":5},"end":{"line":298,"column":45}},"142":{"start":{"line":299,"column":5},"end":{"line":299,"column":32}},"143":{"start":{"line":303,"column":4},"end":{"line":303,"column":50}},"144":{"start":{"line":303,"column":11},"end":{"line":303,"column":50}},"145":{"start":{"line":307,"column":2},"end":{"line":307,"column":41}},"146":{"start":{"line":315,"column":0},"end":{"line":317,"column":2}},"147":{"start":{"line":316,"column":1},"end":{"line":316,"column":51}},"148":{"start":{"line":323,"column":0},"end":{"line":325,"column":2}},"149":{"start":{"line":324,"column":1},"end":{"line":324,"column":31}},"150":{"start":{"line":332,"column":0},"end":{"line":353,"column":1}},"151":{"start":{"line":333,"column":1},"end":{"line":334,"column":13}},"152":{"start":{"line":336,"column":1},"end":{"line":340,"column":22}},"153":{"start":{"line":342,"column":1},"end":{"line":344,"column":4}},"154":{"start":{"line":343,"column":2},"end":{"line":343,"column":35}},"155":{"start":{"line":346,"column":1},"end":{"line":348,"column":4}},"156":{"start":{"line":350,"column":1},"end":{"line":352,"column":4}},"157":{"start":{"line":351,"column":2},"end":{"line":351,"column":31}},"158":{"start":{"line":351,"column":10},"end":{"line":351,"column":31}},"159":{"start":{"line":355,"column":0},"end":{"line":366,"column":1}},"160":{"start":{"line":356,"column":1},"end":{"line":356,"column":17}},"161":{"start":{"line":357,"column":1},"end":{"line":365,"column":4}},"162":{"start":{"line":358,"column":2},"end":{"line":364,"column":3}},"163":{"start":{"line":359,"column":3},"end":{"line":361,"column":6}},"164":{"start":{"line":360,"column":4},"end":{"line":360,"column":18}},"165":{"start":{"line":363,"column":3},"end":{"line":363,"column":50}}},"branchMap":{"1":{"line":63,"type":"if","locations":[{"start":{"line":63,"column":1},"end":{"line":63,"column":1}},{"start":{"line":63,"column":1},"end":{"line":63,"column":1}}]},"2":{"line":68,"type":"if","locations":[{"start":{"line":68,"column":3},"end":{"line":68,"column":3}},{"start":{"line":68,"column":3},"end":{"line":68,"column":3}}]},"3":{"line":69,"type":"cond-expr","locations":[{"start":{"line":69,"column":40},"end":{"line":69,"column":44}},{"start":{"line":69,"column":47},"end":{"line":69,"column":52}}]},"4":{"line":139,"type":"cond-expr","locations":[{"start":{"line":139,"column":17},"end":{"line":139,"column":31}},{"start":{"line":139,"column":35},"end":{"line":139,"column":88}}]},"5":{"line":139,"type":"cond-expr","locations":[{"start":{"line":139,"column":57},"end":{"line":139,"column":76}},{"start":{"line":139,"column":79},"end":{"line":139,"column":88}}]},"6":{"line":140,"type":"if","locations":[{"start":{"line":140,"column":1},"end":{"line":140,"column":1}},{"start":{"line":140,"column":1},"end":{"line":140,"column":1}}]},"7":{"line":148,"type":"if","locations":[{"start":{"line":148,"column":2},"end":{"line":148,"column":2}},{"start":{"line":148,"column":2},"end":{"line":148,"column":2}}]},"8":{"line":168,"type":"if","locations":[{"start":{"line":168,"column":1},"end":{"line":168,"column":1}},{"start":{"line":168,"column":1},"end":{"line":168,"column":1}}]},"9":{"line":181,"type":"if","locations":[{"start":{"line":181,"column":4},"end":{"line":181,"column":4}},{"start":{"line":181,"column":4},"end":{"line":181,"column":4}}]},"10":{"line":185,"type":"if","locations":[{"start":{"line":185,"column":7},"end":{"line":185,"column":7}},{"start":{"line":185,"column":7},"end":{"line":185,"column":7}}]},"11":{"line":186,"type":"if","locations":[{"start":{"line":186,"column":7},"end":{"line":186,"column":7}},{"start":{"line":186,"column":7},"end":{"line":186,"column":7}}]},"12":{"line":209,"type":"if","locations":[{"start":{"line":209,"column":1},"end":{"line":209,"column":1}},{"start":{"line":209,"column":1},"end":{"line":209,"column":1}}]},"13":{"line":221,"type":"if","locations":[{"start":{"line":221,"column":3},"end":{"line":221,"column":3}},{"start":{"line":221,"column":3},"end":{"line":221,"column":3}}]},"14":{"line":221,"type":"binary-expr","locations":[{"start":{"line":221,"column":6},"end":{"line":221,"column":31}},{"start":{"line":221,"column":35},"end":{"line":221,"column":72}}]},"15":{"line":223,"type":"if","locations":[{"start":{"line":223,"column":4},"end":{"line":223,"column":4}},{"start":{"line":223,"column":4},"end":{"line":223,"column":4}}]},"16":{"line":227,"type":"if","locations":[{"start":{"line":227,"column":7},"end":{"line":227,"column":7}},{"start":{"line":227,"column":7},"end":{"line":227,"column":7}}]},"17":{"line":236,"type":"if","locations":[{"start":{"line":236,"column":8},"end":{"line":236,"column":8}},{"start":{"line":236,"column":8},"end":{"line":236,"column":8}}]},"18":{"line":237,"type":"cond-expr","locations":[{"start":{"line":237,"column":50},"end":{"line":237,"column":54}},{"start":{"line":237,"column":57},"end":{"line":237,"column":62}}]},"19":{"line":239,"type":"if","locations":[{"start":{"line":239,"column":9},"end":{"line":239,"column":9}},{"start":{"line":239,"column":9},"end":{"line":239,"column":9}}]},"20":{"line":261,"type":"if","locations":[{"start":{"line":261,"column":1},"end":{"line":261,"column":1}},{"start":{"line":261,"column":1},"end":{"line":261,"column":1}}]},"21":{"line":261,"type":"binary-expr","locations":[{"start":{"line":261,"column":4},"end":{"line":261,"column":49}},{"start":{"line":261,"column":53},"end":{"line":261,"column":94}}]},"22":{"line":264,"type":"if","locations":[{"start":{"line":264,"column":2},"end":{"line":264,"column":2}},{"start":{"line":264,"column":2},"end":{"line":264,"column":2}}]},"23":{"line":268,"type":"if","locations":[{"start":{"line":268,"column":4},"end":{"line":268,"column":4}},{"start":{"line":268,"column":4},"end":{"line":268,"column":4}}]},"24":{"line":283,"type":"if","locations":[{"start":{"line":283,"column":4},"end":{"line":283,"column":4}},{"start":{"line":283,"column":4},"end":{"line":283,"column":4}}]},"25":{"line":283,"type":"binary-expr","locations":[{"start":{"line":283,"column":8},"end":{"line":283,"column":32}},{"start":{"line":283,"column":37},"end":{"line":283,"column":39}}]},"26":{"line":287,"type":"if","locations":[{"start":{"line":287,"column":3},"end":{"line":287,"column":3}},{"start":{"line":287,"column":3},"end":{"line":287,"column":3}}]},"27":{"line":290,"type":"if","locations":[{"start":{"line":290,"column":4},"end":{"line":290,"column":4}},{"start":{"line":290,"column":4},"end":{"line":290,"column":4}}]},"28":{"line":293,"type":"if","locations":[{"start":{"line":293,"column":11},"end":{"line":293,"column":11}},{"start":{"line":293,"column":11},"end":{"line":293,"column":11}}]},"29":{"line":303,"type":"if","locations":[{"start":{"line":303,"column":4},"end":{"line":303,"column":4}},{"start":{"line":303,"column":4},"end":{"line":303,"column":4}}]},"30":{"line":351,"type":"if","locations":[{"start":{"line":351,"column":2},"end":{"line":351,"column":2}},{"start":{"line":351,"column":2},"end":{"line":351,"column":2}}]},"31":{"line":358,"type":"if","locations":[{"start":{"line":358,"column":2},"end":{"line":358,"column":2}},{"start":{"line":358,"column":2},"end":{"line":358,"column":2}}]}},"l":{"1":3,"12":3,"18":3,"20":3,"22":0,"37":3,"52":3,"53":8,"55":8,"57":8,"63":8,"64":6,"66":6,"67":6,"68":6,"69":6,"71":6,"73":0,"78":8,"84":8,"85":0,"87":8,"89":8,"90":0,"91":0,"92":0,"93":0,"96":8,"97":0,"100":8,"101":0,"102":0,"104":0,"105":0,"106":0,"107":0,"108":0,"109":0,"110":0,"111":0,"121":3,"122":3,"123":3,"124":3,"125":3,"126":21,"127":21,"136":3,"137":6,"139":6,"140":6,"141":0,"142":0,"145":6,"146":6,"147":6,"148":6,"149":4,"154":4,"155":4,"157":2,"158":2,"159":2,"167":3,"168":0,"169":0,"170":0,"177":3,"178":0,"180":0,"181":0,"182":0,"184":0,"185":0,"186":0,"187":0,"195":0,"197":0,"206":3,"207":0,"209":0,"210":0,"211":0,"212":0,"217":0,"218":0,"219":0,"221":0,"222":0,"223":0,"224":0,"225":0,"226":0,"227":0,"228":0,"229":0,"232":0,"233":0,"234":0,"235":0,"236":0,"237":0,"239":0,"243":0,"259":3,"260":0,"261":0,"262":0,"263":0,"264":0,"265":0,"266":0,"267":0,"268":0,"269":0,"270":0,"271":0,"272":0,"273":0,"276":0,"277":0,"279":0,"280":0,"281":0,"283":0,"286":0,"287":0,"290":0,"291":0,"292":0,"293":0,"294":0,"295":0,"296":0,"298":0,"299":0,"303":0,"307":0,"315":3,"316":2,"323":3,"324":0,"332":1,"333":6,"336":6,"342":6,"343":4,"346":6,"350":6,"351":6,"355":1,"356":0,"357":0,"358":0,"359":0,"360":0,"363":0}}}
