TN:
SF:/home/jleppert/devel/nodequad/lib/drivers/serial.js
FN:22,calcLineTimeout
FN:52,SerialDriver
FN:67,checkURIByPortList
FN:68,(anonymous_4)
FN:84,backOffLogger
FN:89,onBackOffFail
FN:96,onPortPong
FN:100,observeQueueEvents
FN:108,applyBackOff
FN:109,onceBackoffReady
FN:125,(anonymous_11)
FN:136,connect
FN:147,attemptConnect
FN:167,disconnect
FN:177,list
FN:180,createPortList
FN:183,mapPort
FN:206,probe
FN:210,connectOnPong
FN:211,autoConnectErrorCb
FN:218,probePortList
FN:219,probePort
FN:222,portProbeErrorCb
FN:224,portConnectClosure
FN:225,(anonymous_25)
FN:232,(anonymous_26)
FN:233,portProbeTimeout
FN:236,(anonymous_28)
FN:259,send
FN:266,dataLineCb
FN:277,lineTimeout
FN:286,sendErrorCb
FN:315,getState
FN:323,getStream
FN:332,_connect
FN:342,driverOpenCb
FN:346,driverErrorCb
FN:350,driverOpenErrorCb
FN:355,_send
FN:357,driverWriteErrorCb
FN:359,driverDrainCb
FN:363,emptyDriverDrainDb
FNF:42
FNH:10
FNDA:0,calcLineTimeout
FNDA:8,SerialDriver
FNDA:6,checkURIByPortList
FNDA:6,(anonymous_4)
FNDA:0,backOffLogger
FNDA:0,onBackOffFail
FNDA:0,onPortPong
FNDA:0,observeQueueEvents
FNDA:0,applyBackOff
FNDA:0,onceBackoffReady
FNDA:21,(anonymous_11)
FNDA:6,connect
FNDA:6,attemptConnect
FNDA:0,disconnect
FNDA:0,list
FNDA:0,createPortList
FNDA:0,mapPort
FNDA:0,probe
FNDA:0,connectOnPong
FNDA:0,autoConnectErrorCb
FNDA:0,probePortList
FNDA:0,probePort
FNDA:0,portProbeErrorCb
FNDA:0,portConnectClosure
FNDA:0,(anonymous_25)
FNDA:0,(anonymous_26)
FNDA:0,portProbeTimeout
FNDA:0,(anonymous_28)
FNDA:0,send
FNDA:0,dataLineCb
FNDA:0,lineTimeout
FNDA:0,sendErrorCb
FNDA:2,getState
FNDA:0,getStream
FNDA:6,_connect
FNDA:4,driverOpenCb
FNDA:0,driverErrorCb
FNDA:6,driverOpenErrorCb
FNDA:0,_send
FNDA:0,driverWriteErrorCb
FNDA:0,driverDrainCb
FNDA:0,emptyDriverDrainDb
DA:1,3
DA:12,3
DA:18,3
DA:20,3
DA:22,0
DA:37,3
DA:52,3
DA:53,8
DA:55,8
DA:57,8
DA:63,8
DA:64,6
DA:66,6
DA:67,6
DA:68,6
DA:69,6
DA:71,6
DA:73,0
DA:78,8
DA:84,8
DA:85,0
DA:87,8
DA:89,8
DA:90,0
DA:91,0
DA:92,0
DA:93,0
DA:96,8
DA:97,0
DA:100,8
DA:101,0
DA:102,0
DA:104,0
DA:105,0
DA:106,0
DA:107,0
DA:108,0
DA:109,0
DA:110,0
DA:111,0
DA:121,3
DA:122,3
DA:123,3
DA:124,3
DA:125,3
DA:126,21
DA:127,21
DA:136,3
DA:137,6
DA:139,6
DA:140,6
DA:141,0
DA:142,0
DA:145,6
DA:146,6
DA:147,6
DA:148,6
DA:149,4
DA:154,4
DA:155,4
DA:157,2
DA:158,2
DA:159,2
DA:167,3
DA:168,0
DA:169,0
DA:170,0
DA:177,3
DA:178,0
DA:180,0
DA:181,0
DA:182,0
DA:184,0
DA:185,0
DA:186,0
DA:187,0
DA:195,0
DA:197,0
DA:206,3
DA:207,0
DA:209,0
DA:210,0
DA:211,0
DA:212,0
DA:217,0
DA:218,0
DA:219,0
DA:221,0
DA:222,0
DA:223,0
DA:224,0
DA:225,0
DA:226,0
DA:227,0
DA:228,0
DA:229,0
DA:232,0
DA:233,0
DA:234,0
DA:235,0
DA:236,0
DA:237,0
DA:239,0
DA:243,0
DA:259,3
DA:260,0
DA:261,0
DA:262,0
DA:263,0
DA:264,0
DA:265,0
DA:266,0
DA:267,0
DA:268,0
DA:269,0
DA:270,0
DA:271,0
DA:272,0
DA:273,0
DA:276,0
DA:277,0
DA:279,0
DA:280,0
DA:281,0
DA:283,0
DA:286,0
DA:287,0
DA:290,0
DA:291,0
DA:292,0
DA:293,0
DA:294,0
DA:295,0
DA:296,0
DA:298,0
DA:299,0
DA:303,0
DA:307,0
DA:315,3
DA:316,2
DA:323,3
DA:324,0
DA:332,1
DA:333,6
DA:336,6
DA:342,6
DA:343,4
DA:346,6
DA:350,6
DA:351,6
DA:355,1
DA:356,0
DA:357,0
DA:358,0
DA:359,0
DA:360,0
DA:363,0
LF:157
LH:59
BRDA:63,1,0,6
BRDA:63,1,1,2
BRDA:68,2,0,6
BRDA:68,2,1,0
BRDA:69,3,0,6
BRDA:69,3,1,0
BRDA:139,4,0,1
BRDA:139,4,1,5
BRDA:139,5,0,5
BRDA:139,5,1,0
BRDA:140,6,0,0
BRDA:140,6,1,6
BRDA:148,7,0,4
BRDA:148,7,1,2
BRDA:168,8,0,0
BRDA:168,8,1,0
BRDA:181,9,0,0
BRDA:181,9,1,0
BRDA:185,10,0,0
BRDA:185,10,1,0
BRDA:186,11,0,0
BRDA:186,11,1,0
BRDA:209,12,0,0
BRDA:209,12,1,0
BRDA:221,13,0,0
BRDA:221,13,1,0
BRDA:221,14,0,0
BRDA:221,14,1,0
BRDA:223,15,0,0
BRDA:223,15,1,0
BRDA:227,16,0,0
BRDA:227,16,1,0
BRDA:236,17,0,0
BRDA:236,17,1,0
BRDA:237,18,0,0
BRDA:237,18,1,0
BRDA:239,19,0,0
BRDA:239,19,1,0
BRDA:261,20,0,0
BRDA:261,20,1,0
BRDA:261,21,0,0
BRDA:261,21,1,0
BRDA:264,22,0,0
BRDA:264,22,1,0
BRDA:268,23,0,0
BRDA:268,23,1,0
BRDA:283,24,0,0
BRDA:283,24,1,0
BRDA:283,25,0,0
BRDA:283,25,1,0
BRDA:287,26,0,0
BRDA:287,26,1,0
BRDA:290,27,0,0
BRDA:290,27,1,0
BRDA:293,28,0,0
BRDA:293,28,1,0
BRDA:303,29,0,0
BRDA:303,29,1,0
BRDA:351,30,0,2
BRDA:351,30,1,4
BRDA:358,31,0,0
BRDA:358,31,1,0
BRF:62
BRH:12
end_of_record
